-------------------------------------------
Batch: 0
-------------------------------------------
+--------------------+-----+----------+
|            customer|score|  riskDate|
+--------------------+-----+----------+
|John.Anandh@test.com| 17.0|2022-01-07|
|Christina.Sanchez...| 25.0|2022-01-07|
|Jason.Smith@test.com|  1.0|2022-01-07|
|Frank.Doshi@test.com|-26.0|2022-01-07|
|John.Spencer@test...| -3.5|2022-01-07|
|Sean.Anandh@test.com| -4.5|2022-01-07|
|Neeraj.Aristotle@...| -1.0|2022-01-07|
|Craig.Jones@test.com| -1.5|2022-01-07|
|Trevor.Spencer@te...| -4.0|2022-01-07|
|Jerry.Anandh@test...| -1.5|2022-01-07|
| Jerry.Huey@test.com| -3.0|2022-01-07|
|Jerry.Olson@test.com| -3.0|2022-01-07|
|Spencer.Doshi@tes...| -2.5|2022-01-07|
|Jason.Doshi@test.com| -8.0|2022-01-07|
|Ashley.Sanchez@te...|-27.5|2022-01-07|
|Ben.Phillips@test...|  5.5|2022-01-07|
|Jason.Habschied@t...| 18.0|2022-01-07|
| Sean.Olson@test.com| 13.0|2022-01-07|
|David.Jones@test.com|-15.0|2022-01-07|
|Jane.Phillips@tes...|  4.5|2022-01-07|
+--------------------+-----+----------+
only showing top 20 rows

-------------------------------------------
Batch: 1
-------------------------------------------
+--------------------+-----+----------+
|            customer|score|  riskDate|
+--------------------+-----+----------+
|Frank.Doshi@test.com| 19.5|2022-01-07|
|John.Spencer@test...| -5.0|2022-01-07|
|Sean.Anandh@test.com| -2.0|2022-01-07|
|Neeraj.Aristotle@...| -2.5|2022-01-07|
+--------------------+-----+----------+

-------------------------------------------
Batch: 2
-------------------------------------------
+--------------------+-----+----------+
|            customer|score|  riskDate|
+--------------------+-----+----------+
|Craig.Jones@test.com| -5.5|2022-01-07|
+--------------------+-----+----------+

-------------------------------------------
Batch: 3
-------------------------------------------
+--------------------+-----+----------+
|            customer|score|  riskDate|
+--------------------+-----+----------+
|Trevor.Spencer@te...| -5.0|2022-01-07|
+--------------------+-----+----------+

-------------------------------------------
Batch: 4
-------------------------------------------
+--------------------+-----+----------+
|            customer|score|  riskDate|
+--------------------+-----+----------+
|Jerry.Anandh@test...| -3.5|2022-01-07|
+--------------------+-----+----------+

-------------------------------------------
Batch: 5
-------------------------------------------
+-------------------+-----+----------+
|           customer|score|  riskDate|
+-------------------+-----+----------+
|Jerry.Huey@test.com| -4.0|2022-01-07|
+-------------------+-----+----------+

