:: loading settings :: url = jar:file:/opt/bitnami/spark/jars/ivy-2.5.0.jar!/org/apache/ivy/core/settings/ivysettings.xml
Traceback (most recent call last):
  File "/home/workspace/sparkpykafkajoin.py", line 42, in <module>
    stedi_redis_events_raw_stream_df = spark \
  File "/opt/bitnami/spark/python/lib/pyspark.zip/pyspark/sql/streaming.py", line 454, in load
  File "/opt/bitnami/spark/python/lib/py4j-0.10.9.2-src.zip/py4j/java_gateway.py", line 1309, in __call__
  File "/opt/bitnami/spark/python/lib/pyspark.zip/pyspark/sql/utils.py", line 111, in deco
  File "/opt/bitnami/spark/python/lib/py4j-0.10.9.2-src.zip/py4j/protocol.py", line 326, in get_return_value
py4j.protocol.Py4JJavaError: An error occurred while calling o32.load.
: java.lang.NoClassDefFoundError: org/apache/spark/sql/sources/v2/StreamWriteSupport
	at java.lang.ClassLoader.defineClass1(Native Method)
	at java.lang.ClassLoader.defineClass(ClassLoader.java:756)
	at java.security.SecureClassLoader.defineClass(SecureClassLoader.java:142)
	at java.net.URLClassLoader.defineClass(URLClassLoader.java:473)
	at java.net.URLClassLoader.access$100(URLClassLoader.java:74)
	at java.net.URLClassLoader$1.run(URLClassLoader.java:369)
	at java.net.URLClassLoader$1.run(URLClassLoader.java:363)
	at java.security.AccessController.doPrivileged(Native Method)
	at java.net.URLClassLoader.findClass(URLClassLoader.java:362)
	at java.lang.ClassLoader.loadClass(ClassLoader.java:418)
	at java.lang.ClassLoader.loadClass(ClassLoader.java:351)
	at java.lang.Class.forName0(Native Method)
	at java.lang.Class.forName(Class.java:348)
	at java.util.ServiceLoader$LazyIterator.nextService(ServiceLoader.java:370)
	at java.util.ServiceLoader$LazyIterator.next(ServiceLoader.java:404)
	at java.util.ServiceLoader$1.next(ServiceLoader.java:480)
	at scala.collection.convert.Wrappers$JIteratorWrapper.next(Wrappers.scala:46)
	at scala.collection.Iterator.foreach(Iterator.scala:943)
	at scala.collection.Iterator.foreach$(Iterator.scala:943)
	at scala.collection.AbstractIterator.foreach(Iterator.scala:1431)
	at scala.collection.IterableLike.foreach(IterableLike.scala:74)
	at scala.collection.IterableLike.foreach$(IterableLike.scala:73)
	at scala.collection.AbstractIterable.foreach(Iterable.scala:56)
	at scala.collection.TraversableLike.filterImpl(TraversableLike.scala:303)
	at scala.collection.TraversableLike.filterImpl$(TraversableLike.scala:297)
	at scala.collection.AbstractTraversable.filterImpl(Traversable.scala:108)
	at scala.collection.TraversableLike.filter(TraversableLike.scala:395)
	at scala.collection.TraversableLike.filter$(TraversableLike.scala:395)
	at scala.collection.AbstractTraversable.filter(Traversable.scala:108)
	at org.apache.spark.sql.execution.datasources.DataSource$.lookupDataSource(DataSource.scala:652)
	at org.apache.spark.sql.streaming.DataStreamReader.loadInternal(DataStreamReader.scala:156)
	at org.apache.spark.sql.streaming.DataStreamReader.load(DataStreamReader.scala:143)
	at sun.reflect.NativeMethodAccessorImpl.invoke0(Native Method)
	at sun.reflect.NativeMethodAccessorImpl.invoke(NativeMethodAccessorImpl.java:62)
	at sun.reflect.DelegatingMethodAccessorImpl.invoke(DelegatingMethodAccessorImpl.java:43)
	at java.lang.reflect.Method.invoke(Method.java:498)
	at py4j.reflection.MethodInvoker.invoke(MethodInvoker.java:244)
	at py4j.reflection.ReflectionEngine.invoke(ReflectionEngine.java:357)
	at py4j.Gateway.invoke(Gateway.java:282)
	at py4j.commands.AbstractCommand.invokeMethod(AbstractCommand.java:132)
	at py4j.commands.CallCommand.execute(CallCommand.java:79)
	at py4j.ClientServerConnection.waitForCommands(ClientServerConnection.java:182)
	at py4j.ClientServerConnection.run(ClientServerConnection.java:106)
	at java.lang.Thread.run(Thread.java:748)
Caused by: java.lang.ClassNotFoundException: org.apache.spark.sql.sources.v2.StreamWriteSupport
	at java.net.URLClassLoader.findClass(URLClassLoader.java:387)
	at java.lang.ClassLoader.loadClass(ClassLoader.java:418)
	at java.lang.ClassLoader.loadClass(ClassLoader.java:351)
	... 44 more

